<?xml version="1.0" encoding="UTF-8"?>
<!-- Generated by org.testng.reporters.JUnitReportReporter -->
<testsuite skipped="0" hostname="DESKTOP-K1JN5RH" name="com.qa.Illuminate.TestScripts.LoginTest" tests="3" failures="0" timestamp="31 Oct 2019 18:33:58 GMT" time="50.880" errors="0">
  <testcase name="verifyLogintest" time="15.233" classname="com.qa.Illuminate.TestScripts.LoginTest"/>
  <testcase name="verifyLogintest" time="14.801" classname="com.qa.Illuminate.TestScripts.LoginTest"/>
  <testcase name="verifyLogintest" time="20.846" classname="com.qa.Illuminate.TestScripts.LoginTest"/>
</testsuite> <!-- com.qa.Illuminate.TestScripts.LoginTest -->
